TN:
SF:src/ProtectionBase.sol
FN:111,ProtectionBase._baseInitProtection
FNDA:525,ProtectionBase._baseInitProtection
DA:113,525
BRDA:113,0,0,2
BRDA:113,0,1,523
DA:114,2
DA:118,523
BRDA:118,1,0,2
BRDA:118,1,1,521
DA:119,2
DA:123,521
DA:126,521
DA:131,521
DA:134,521
BRDA:134,2,0,1
BRDA:134,2,1,518
DA:135,1
DA:139,518
FN:147,ProtectionBase._assertShouldProceedAndCall
FNDA:257,ProtectionBase._assertShouldProceedAndCall
DA:148,257
FN:173,ProtectionBase._updateShouldUseProtocol
FNDA:256,ProtectionBase._updateShouldUseProtocol
DA:174,256
DA:175,256
FN:180,ProtectionBase._cube3Storage
FNDA:2071,ProtectionBase._cube3Storage
DA:182,2071
FN:189,ProtectionBase._getMsgValue
FNDA:514,ProtectionBase._getMsgValue
DA:190,514
FNF:5
FNH:5
LF:15
LH:15
BRF:6
BRH:6
end_of_record
TN:
SF:src/upgradeable/Cube3ProtectionUpgradeable.sol
FN:25,Cube3ProtectionUpgradeable.__Cube3ProtectionUpgradeable_init
FNDA:4,Cube3ProtectionUpgradeable.__Cube3ProtectionUpgradeable_init
DA:32,4
FN:37,Cube3ProtectionUpgradeable.__Cube3ProtectionUpgradeable_init_unchained
FNDA:4,Cube3ProtectionUpgradeable.__Cube3ProtectionUpgradeable_init_unchained
DA:44,4
FNF:2
FNH:2
LF:2
LH:2
BRF:0
BRH:0
end_of_record
TN:
SF:test/Base.t.sol
FN:31,BaseTest.setUp
FNDA:0,BaseTest.setUp
DA:32,0
DA:34,0
DA:37,0
FN:40,BaseTest._deployContracts
FNDA:0,BaseTest._deployContracts
DA:41,0
DA:42,0
DA:43,0
FN:46,BaseTest._labelAccounts
FNDA:0,BaseTest._labelAccounts
DA:47,0
FNF:3
FNH:0
LF:7
LH:0
BRF:0
BRH:0
end_of_record
TN:
SF:test/harnesses/ProtectionBaseHarness.sol
FN:13,ProtectionBaseHarness.baseInitProtection
FNDA:521,ProtectionBaseHarness.baseInitProtection
DA:14,521
FN:19,ProtectionBaseHarness.assertShouldProceedAndCall
FNDA:256,ProtectionBaseHarness.assertShouldProceedAndCall
DA:22,256
FN:25,ProtectionBaseHarness.assertShouldProceedAndCall
FNDA:0,ProtectionBaseHarness.assertShouldProceedAndCall
DA:26,0
FN:29,ProtectionBaseHarness.protectedStorage
FNDA:258,ProtectionBaseHarness.protectedStorage
DA:30,258
FN:33,ProtectionBaseHarness.updateShouldUseProtocol
FNDA:256,ProtectionBaseHarness.updateShouldUseProtocol
DA:34,256
FN:37,ProtectionBaseHarness.getMsgValuePayable
FNDA:256,ProtectionBaseHarness.getMsgValuePayable
DA:38,256
FN:41,ProtectionBaseHarness.getMsgValueNonPayable
FNDA:1,ProtectionBaseHarness.getMsgValueNonPayable
DA:42,1
FN:45,ProtectionBaseHarness.cube3ProtectedModifier
FNDA:258,ProtectionBaseHarness.cube3ProtectedModifier
DA:46,2
FNF:8
FNH:7
LF:8
LH:7
BRF:0
BRH:0
end_of_record
TN:
SF:test/mocks/MockNonRouter.sol
FN:8,MockNonRouter.
FNDA:0,MockNonRouter.
FNF:1
FNH:0
LF:0
LH:0
BRF:0
BRH:0
end_of_record
TN:
SF:test/mocks/MockRouter.sol
FN:21,MockRouter.updateRegistrationShouldSucceed
FNDA:1,MockRouter.updateRegistrationShouldSucceed
DA:22,1
FN:25,MockRouter.updateRoutingShouldSucceed
FNDA:0,MockRouter.updateRoutingShouldSucceed
DA:26,0
FN:29,MockRouter.initiateIntegrationRegistration
FNDA:519,MockRouter.initiateIntegrationRegistration
DA:32,519
BRDA:32,0,0,1
BRDA:32,0,1,518
DA:33,1
DA:35,518
DA:37,518
FN:40,MockRouter.routeToModule
FNDA:257,MockRouter.routeToModule
DA:48,257
DA:49,257
DA:50,257
DA:52,257
BRDA:52,1,0,-
BRDA:52,1,1,257
DA:53,0
DA:56,257
FNF:4
FNH:3
LF:12
LH:10
BRF:4
BRH:3
end_of_record
TN:
SF:test/mocks/MockUpgradeable.sol
FN:39,MockUpgradeableV2.initializeV2
FNDA:0,MockUpgradeableV2.initializeV2
FN:43,MockUpgradeableV2.protectedFunctionV2
FNDA:0,MockUpgradeableV2.protectedFunctionV2
DA:44,0
DA:45,0
DA:46,0
FN:19,MockUpgradeable.initialize
FNDA:4,MockUpgradeable.initialize
DA:22,4
DA:23,1
DA:24,1
FN:27,MockUpgradeable._authorizeUpgrade
FNDA:0,MockUpgradeable._authorizeUpgrade
FN:29,MockUpgradeable.protectedFunction
FNDA:0,MockUpgradeable.protectedFunction
DA:30,0
DA:31,0
DA:32,0
FNF:5
FNH:1
LF:9
LH:3
BRF:0
BRH:0
end_of_record
TN:
SF:test/utils/Utils.sol
FN:14,Utils._randomBytes32
FNDA:0,Utils._randomBytes32
DA:15,0
DA:16,0
FN:19,Utils._randomUint256
FNDA:0,Utils._randomUint256
DA:20,0
FN:23,Utils._randomAddress
FNDA:0,Utils._randomAddress
DA:24,0
FNF:3
FNH:0
LF:4
LH:0
BRF:0
BRH:0
end_of_record
